time="07-12-2018 15:02:14" level=info msg="InitPostgreSQL : Initialize Connection to PostgreSQL" func=kreditplus/kreditplus-api/commons.Logger file="E:/Study/Go/src/kreditplus/kreditplus-api/commons/logger.go:30"
time="07-12-2018 15:02:14" level=info msg="InitPostgreSQL : PostgreSQL : Successfully connected!" func=kreditplus/kreditplus-api/commons.Logger file="E:/Study/Go/src/kreditplus/kreditplus-api/commons/logger.go:30"
time="07-12-2018 15:02:14" level=info msg="InitSQLServer : Initialize Connection to SQL Server" func=kreditplus/kreditplus-api/commons.Logger file="E:/Study/Go/src/kreditplus/kreditplus-api/commons/logger.go:30"
time="07-12-2018 15:02:14" level=info msg="InitSQLServer : SQL Server : Successfully connected!" func=kreditplus/kreditplus-api/commons.Logger file="E:/Study/Go/src/kreditplus/kreditplus-api/commons/logger.go:30"
time="07-12-2018 15:08:53" level=info msg="Modul User : FindOneUser : Initialize Get Database in PostgreSQL" func=kreditplus/kreditplus-api/commons.Logger file="E:/Study/Go/src/kreditplus/kreditplus-api/commons/logger.go:30"
time="07-12-2018 15:08:53" level=info msg="Modul User : FindOneUser : Prepare Find One Data in Database PostgreSQL" func=kreditplus/kreditplus-api/commons.Logger file="E:/Study/Go/src/kreditplus/kreditplus-api/commons/logger.go:30"
time="07-12-2018 15:08:53" level=info msg="Modul User : FindOneUser : Finnished Find One Data to PostgreSQL" func=kreditplus/kreditplus-api/commons.Logger file="E:/Study/Go/src/kreditplus/kreditplus-api/commons/logger.go:30"
time="07-12-2018 15:20:37" level=info msg="Modul User : SaveUser : Initialize Get Database in PostgreSQL" func=kreditplus/kreditplus-api/commons.Logger file="E:/Study/Go/src/kreditplus/kreditplus-api/commons/logger.go:30"
time="07-12-2018 15:20:37" level=info msg="Modul User : SaveUser : Prepare Save Data in Database PostgreSQL" func=kreditplus/kreditplus-api/commons.Logger file="E:/Study/Go/src/kreditplus/kreditplus-api/commons/logger.go:30"
time="07-12-2018 15:20:37" level=info msg="Modul User : SaveUser : Finnished Save Data to PostgreSQL" func=kreditplus/kreditplus-api/commons.Logger file="E:/Study/Go/src/kreditplus/kreditplus-api/commons/logger.go:30"
time="07-12-2018 15:20:37" level=info msg="Modul User : GetLatestUser : Initialize Get Database in PostgreSQL" func=kreditplus/kreditplus-api/commons.Logger file="E:/Study/Go/src/kreditplus/kreditplus-api/commons/logger.go:30"
time="07-12-2018 15:20:37" level=info msg="Modul User : GetLatestUser : Prepare Find One Data in Database PostgreSQL" func=kreditplus/kreditplus-api/commons.Logger file="E:/Study/Go/src/kreditplus/kreditplus-api/commons/logger.go:30"
time="07-12-2018 15:20:37" level=info msg="Modul User : GetLatestUser : Finnished Find One Data to PostgreSQL" func=kreditplus/kreditplus-api/commons.Logger file="E:/Study/Go/src/kreditplus/kreditplus-api/commons/logger.go:30"
time="07-12-2018 15:20:37" level=info msg="Modul Employee : SaveEmployee : Initialize Get Database in SQL Server" func=kreditplus/kreditplus-api/commons.Logger file="E:/Study/Go/src/kreditplus/kreditplus-api/commons/logger.go:30"
time="07-12-2018 15:20:37" level=info msg="Modul Employee : SaveEmployee : Prepare Save Data in Database SQL Server" func=kreditplus/kreditplus-api/commons.Logger file="E:/Study/Go/src/kreditplus/kreditplus-api/commons/logger.go:30"
time="07-12-2018 15:20:37" level=info msg="Modul Employee : SaveEmployee : Finnished Save Data to SQL Server" func=kreditplus/kreditplus-api/commons.Logger file="E:/Study/Go/src/kreditplus/kreditplus-api/commons/logger.go:30"
time="07-12-2018 15:27:52" level=info msg="Modul User : ListAll : Initialize Get Database in PostgreSQL" func=kreditplus/kreditplus-api/commons.Logger file="E:/Study/Go/src/kreditplus/kreditplus-api/commons/logger.go:30"
time="07-12-2018 15:27:52" level=info msg="Modul User : ListAll : Prepare Query Select Table in Database PostgreSQL" func=kreditplus/kreditplus-api/commons.Logger file="E:/Study/Go/src/kreditplus/kreditplus-api/commons/logger.go:30"
time="07-12-2018 15:27:52" level=info msg="Modul User : ListAll : Prepare Read Data from PostgreSQL" func=kreditplus/kreditplus-api/commons.Logger file="E:/Study/Go/src/kreditplus/kreditplus-api/commons/logger.go:30"
time="07-12-2018 15:27:52" level=info msg="Modul User : ListAll : Finnished Read Data from PostgreSQL" func=kreditplus/kreditplus-api/commons.Logger file="E:/Study/Go/src/kreditplus/kreditplus-api/commons/logger.go:30"
time="07-12-2018 15:30:12" level=info msg="Modul User : FindOneUser : Initialize Get Database in PostgreSQL" func=kreditplus/kreditplus-api/commons.Logger file="E:/Study/Go/src/kreditplus/kreditplus-api/commons/logger.go:30"
time="07-12-2018 15:30:12" level=info msg="Modul User : FindOneUser : Prepare Find One Data in Database PostgreSQL" func=kreditplus/kreditplus-api/commons.Logger file="E:/Study/Go/src/kreditplus/kreditplus-api/commons/logger.go:30"
time="07-12-2018 15:30:12" level=info msg="Modul User : FindOneUser : Finnished Find One Data to PostgreSQL" func=kreditplus/kreditplus-api/commons.Logger file="E:/Study/Go/src/kreditplus/kreditplus-api/commons/logger.go:30"
time="07-12-2018 15:32:49" level=info msg="Modul Employee : ListAll : Initialize Get Database in SQL Server" func=kreditplus/kreditplus-api/commons.Logger file="E:/Study/Go/src/kreditplus/kreditplus-api/commons/logger.go:30"
time="07-12-2018 15:32:49" level=info msg="Modul Employee : ListAll : Prepare Query Select Table in Database SQL Server" func=kreditplus/kreditplus-api/commons.Logger file="E:/Study/Go/src/kreditplus/kreditplus-api/commons/logger.go:30"
time="07-12-2018 15:32:49" level=info msg="Modul Employee : ListAll : Prepare Read Data from SQL Server" func=kreditplus/kreditplus-api/commons.Logger file="E:/Study/Go/src/kreditplus/kreditplus-api/commons/logger.go:30"
time="07-12-2018 15:32:49" level=info msg="Modul Employee : ListAll : Finnished Read Data from SQL Server" func=kreditplus/kreditplus-api/commons.Logger file="E:/Study/Go/src/kreditplus/kreditplus-api/commons/logger.go:30"
time="07-12-2018 15:37:18" level=info msg="Modul Employee : FindOneEmployee : Initialize Get Database in SQL Server" func=kreditplus/kreditplus-api/commons.Logger file="E:/Study/Go/src/kreditplus/kreditplus-api/commons/logger.go:30"
time="07-12-2018 15:37:18" level=info msg="Modul Employee : FindOneEmployee : Prepare Find One Data in Database SQL Server" func=kreditplus/kreditplus-api/commons.Logger file="E:/Study/Go/src/kreditplus/kreditplus-api/commons/logger.go:30"
time="07-12-2018 15:37:18" level=info msg="Modul Employee : FindOneEmployee : Finnished Find One Data to SQL Server" func=kreditplus/kreditplus-api/commons.Logger file="E:/Study/Go/src/kreditplus/kreditplus-api/commons/logger.go:30"
time="07-12-2018 16:42:00" level=info msg="InitPostgreSQL : Initialize Connection to PostgreSQL" func=kreditplus/kreditplus-api/commons.Logger file="E:/Study/Go/src/kreditplus/kreditplus-api/commons/logger.go:30"
time="07-12-2018 16:42:00" level=info msg="InitPostgreSQL : PostgreSQL : Successfully connected!" func=kreditplus/kreditplus-api/commons.Logger file="E:/Study/Go/src/kreditplus/kreditplus-api/commons/logger.go:30"
time="07-12-2018 16:42:00" level=info msg="InitSQLServer : Initialize Connection to SQL Server" func=kreditplus/kreditplus-api/commons.Logger file="E:/Study/Go/src/kreditplus/kreditplus-api/commons/logger.go:30"
time="07-12-2018 16:42:00" level=info msg="InitSQLServer : SQL Server : Successfully connected!" func=kreditplus/kreditplus-api/commons.Logger file="E:/Study/Go/src/kreditplus/kreditplus-api/commons/logger.go:30"
time="07-12-2018 16:57:03" level=info msg="InitPostgreSQL : Initialize Connection to PostgreSQL" func=kreditplus/kreditplus-api/commons.Logger file="E:/Study/Go/src/kreditplus/kreditplus-api/commons/logger.go:30"
time="07-12-2018 16:57:03" level=info msg="InitPostgreSQL : PostgreSQL : Successfully connected!" func=kreditplus/kreditplus-api/commons.Logger file="E:/Study/Go/src/kreditplus/kreditplus-api/commons/logger.go:30"
time="07-12-2018 16:57:03" level=info msg="InitSQLServer : Initialize Connection to SQL Server" func=kreditplus/kreditplus-api/commons.Logger file="E:/Study/Go/src/kreditplus/kreditplus-api/commons/logger.go:30"
time="07-12-2018 16:57:03" level=info msg="InitSQLServer : SQL Server : Successfully connected!" func=kreditplus/kreditplus-api/commons.Logger file="E:/Study/Go/src/kreditplus/kreditplus-api/commons/logger.go:30"
time="07-12-2018 16:59:34" level=info msg="InitPostgreSQL : Initialize Connection to PostgreSQL" func=kreditplus/kreditplus-api/commons.Logger file="E:/Study/Go/src/kreditplus/kreditplus-api/commons/logger.go:30"
time="07-12-2018 16:59:34" level=info msg="InitPostgreSQL : PostgreSQL : Successfully connected!" func=kreditplus/kreditplus-api/commons.Logger file="E:/Study/Go/src/kreditplus/kreditplus-api/commons/logger.go:30"
time="07-12-2018 16:59:34" level=info msg="InitSQLServer : Initialize Connection to SQL Server" func=kreditplus/kreditplus-api/commons.Logger file="E:/Study/Go/src/kreditplus/kreditplus-api/commons/logger.go:30"
time="07-12-2018 16:59:34" level=info msg="InitSQLServer : SQL Server : Successfully connected!" func=kreditplus/kreditplus-api/commons.Logger file="E:/Study/Go/src/kreditplus/kreditplus-api/commons/logger.go:30"
time="07-12-2018 17:01:00" level=info msg="InitPostgreSQL : Initialize Connection to PostgreSQL" func=kreditplus/kreditplus-api/commons.Logger file="E:/Study/Go/src/kreditplus/kreditplus-api/commons/logger.go:30"
time="07-12-2018 17:01:00" level=info msg="InitPostgreSQL : PostgreSQL : Successfully connected!" func=kreditplus/kreditplus-api/commons.Logger file="E:/Study/Go/src/kreditplus/kreditplus-api/commons/logger.go:30"
time="07-12-2018 17:01:00" level=info msg="InitSQLServer : Initialize Connection to SQL Server" func=kreditplus/kreditplus-api/commons.Logger file="E:/Study/Go/src/kreditplus/kreditplus-api/commons/logger.go:30"
time="07-12-2018 17:01:00" level=info msg="InitSQLServer : SQL Server : Successfully connected!" func=kreditplus/kreditplus-api/commons.Logger file="E:/Study/Go/src/kreditplus/kreditplus-api/commons/logger.go:30"
time="07-12-2018 17:02:17" level=info msg="InitPostgreSQL : Initialize Connection to PostgreSQL" func=kreditplus/kreditplus-api/commons.Logger file="E:/Study/Go/src/kreditplus/kreditplus-api/commons/logger.go:30"
time="07-12-2018 17:02:17" level=info msg="InitPostgreSQL : PostgreSQL : Successfully connected!" func=kreditplus/kreditplus-api/commons.Logger file="E:/Study/Go/src/kreditplus/kreditplus-api/commons/logger.go:30"
time="07-12-2018 17:02:17" level=info msg="InitSQLServer : Initialize Connection to SQL Server" func=kreditplus/kreditplus-api/commons.Logger file="E:/Study/Go/src/kreditplus/kreditplus-api/commons/logger.go:30"
time="07-12-2018 17:02:17" level=info msg="InitSQLServer : SQL Server : Successfully connected!" func=kreditplus/kreditplus-api/commons.Logger file="E:/Study/Go/src/kreditplus/kreditplus-api/commons/logger.go:30"
time="10-12-2018 17:09:58" level=info msg="InitPostgreSQL : Initialize Connection to PostgreSQL" func=kreditplus/kreditplus-api/commons.Logger file="E:/Study/Go/src/kreditplus/kreditplus-api/commons/logger.go:30"
time="10-12-2018 17:09:58" level=info msg="InitPostgreSQL : PostgreSQL : Successfully connected!" func=kreditplus/kreditplus-api/commons.Logger file="E:/Study/Go/src/kreditplus/kreditplus-api/commons/logger.go:30"
time="10-12-2018 17:09:58" level=info msg="InitSQLServer : Initialize Connection to SQL Server" func=kreditplus/kreditplus-api/commons.Logger file="E:/Study/Go/src/kreditplus/kreditplus-api/commons/logger.go:30"
time="10-12-2018 17:09:58" level=info msg="InitSQLServer : SQL Server : Successfully connected!" func=kreditplus/kreditplus-api/commons.Logger file="E:/Study/Go/src/kreditplus/kreditplus-api/commons/logger.go:30"
time="10-12-2018 17:11:53" level=info msg="Modul User : FindOneUser : Initialize Get Database in PostgreSQL" func=kreditplus/kreditplus-api/commons.Logger file="E:/Study/Go/src/kreditplus/kreditplus-api/commons/logger.go:30"
time="10-12-2018 17:11:53" level=info msg="Modul User : FindOneUser : Prepare Find One Data in Database PostgreSQL" func=kreditplus/kreditplus-api/commons.Logger file="E:/Study/Go/src/kreditplus/kreditplus-api/commons/logger.go:30"
time="10-12-2018 17:11:53" level=info msg="Modul User : FindOneUser : Finnished Find One Data to PostgreSQL" func=kreditplus/kreditplus-api/commons.Logger file="E:/Study/Go/src/kreditplus/kreditplus-api/commons/logger.go:30"
time="10-12-2018 17:12:26" level=info msg="Modul User : ListAll : Initialize Get Database in PostgreSQL" func=kreditplus/kreditplus-api/commons.Logger file="E:/Study/Go/src/kreditplus/kreditplus-api/commons/logger.go:30"
time="10-12-2018 17:12:26" level=info msg="Modul User : ListAll : Prepare Query Select Table in Database PostgreSQL" func=kreditplus/kreditplus-api/commons.Logger file="E:/Study/Go/src/kreditplus/kreditplus-api/commons/logger.go:30"
time="10-12-2018 17:12:26" level=info msg="Modul User : ListAll : Prepare Read Data from PostgreSQL" func=kreditplus/kreditplus-api/commons.Logger file="E:/Study/Go/src/kreditplus/kreditplus-api/commons/logger.go:30"
time="10-12-2018 17:12:26" level=info msg="Modul User : ListAll : Finnished Read Data from PostgreSQL" func=kreditplus/kreditplus-api/commons.Logger file="E:/Study/Go/src/kreditplus/kreditplus-api/commons/logger.go:30"
time="10-12-2018 17:23:58" level=info msg="Modul Employee : ListAll : Initialize Get Database in SQL Server" func=kreditplus/kreditplus-api/commons.Logger file="E:/Study/Go/src/kreditplus/kreditplus-api/commons/logger.go:30"
time="10-12-2018 17:23:58" level=info msg="Modul Employee : ListAll : Prepare Query Select Table in Database SQL Server" func=kreditplus/kreditplus-api/commons.Logger file="E:/Study/Go/src/kreditplus/kreditplus-api/commons/logger.go:30"
time="10-12-2018 17:23:58" level=info msg="Modul Employee : ListAll : Prepare Read Data from SQL Server" func=kreditplus/kreditplus-api/commons.Logger file="E:/Study/Go/src/kreditplus/kreditplus-api/commons/logger.go:30"
time="10-12-2018 17:23:58" level=info msg="Modul Employee : ListAll : Finnished Read Data from SQL Server" func=kreditplus/kreditplus-api/commons.Logger file="E:/Study/Go/src/kreditplus/kreditplus-api/commons/logger.go:30"
